<?xml version="1.0" encoding="UTF-8"?>
<!-- Generated by org.testng.reporters.JUnitReportReporter -->
<testsuite skipped="0" hostname="DESKTOP-D7PUHMF" name="com.qa.http.HttpGet_ListUsers" tests="1" failures="0" timestamp="23 Sep 2018 10:11:31 GMT" time="2.093" errors="0">
  <testcase name="getListOfUsersDetails" time="2.093" classname="com.qa.http.HttpGet_ListUsers"/>
</testsuite> <!-- com.qa.http.HttpGet_ListUsers -->
