<?xml version="1.0" encoding="UTF-8"?>
<!-- Generated by org.testng.reporters.JUnitReportReporter -->
<testsuite skipped="0" hostname="DESKTOP-D7PUHMF" name="com.qa.restAPI.RestAssuredGet_SingleUser" tests="1" failures="0" timestamp="22 Sep 2018 17:55:17 GMT" time="3.671" errors="0">
  <testcase name="getSingleUserDetails" time="3.671" classname="com.qa.restAPI.RestAssuredGet_SingleUser"/>
</testsuite> <!-- com.qa.restAPI.RestAssuredGet_SingleUser -->
