<?xml version="1.0" encoding="UTF-8"?>
<!-- Generated by org.testng.reporters.JUnitReportReporter -->
<testsuite skipped="0" hostname="DESKTOP-D7PUHMF" name="com.qa.restAPI.RestAssuredGet_SingleUser" tests="1" failures="0" timestamp="18 Sep 2018 03:57:11 GMT" time="2.500" errors="0">
  <testcase name="getSingleUserDetails" time="2.500" classname="com.qa.restAPI.RestAssuredGet_SingleUser"/>
</testsuite> <!-- com.qa.restAPI.RestAssuredGet_SingleUser -->
