<?xml version="1.0" encoding="UTF-8"?>
<!-- Generated by org.testng.reporters.JUnitReportReporter -->
<testsuite skipped="0" hostname="DESKTOP-D7PUHMF" name="com.qa.http.HttpGet" tests="1" failures="0" timestamp="16 Sep 2018 12:02:43 GMT" time="1.385" errors="0">
  <testcase name="get" time="1.385" classname="com.qa.http.HttpGet"/>
</testsuite> <!-- com.qa.http.HttpGet -->
