<?xml version="1.0" encoding="UTF-8"?>
<!-- Generated by org.testng.reporters.JUnitReportReporter -->
<testsuite skipped="0" hostname="DESKTOP-D7PUHMF" name="com.qa.restAPI.RestAssuredPost_CreateUser" tests="1" failures="0" timestamp="25 Sep 2018 03:45:46 GMT" time="4.248" errors="0">
  <testcase name="createUser" time="4.248" classname="com.qa.restAPI.RestAssuredPost_CreateUser"/>
</testsuite> <!-- com.qa.restAPI.RestAssuredPost_CreateUser -->
