<?xml version="1.0" encoding="UTF-8"?>
<!-- Generated by org.testng.reporters.JUnitReportReporter -->
<testsuite skipped="0" hostname="DESKTOP-D7PUHMF" name="com.qa.http.HttpGet_CountryDetails" tests="1" failures="0" timestamp="02 Oct 2018 14:21:34 GMT" time="1.785" errors="0">
  <testcase name="getCountryDetails" time="1.785" classname="com.qa.http.HttpGet_CountryDetails"/>
</testsuite> <!-- com.qa.http.HttpGet_CountryDetails -->
