<?xml version="1.0" encoding="UTF-8"?>
<!-- Generated by org.testng.reporters.JUnitReportReporter -->
<testsuite skipped="0" hostname="DESKTOP-D7PUHMF" name="com.qa.restAPI.RestAssuredDelete_DeleteUser" tests="1" failures="0" timestamp="25 Sep 2018 17:38:18 GMT" time="3.697" errors="0">
  <testcase name="deleteUserTest" time="3.697" classname="com.qa.restAPI.RestAssuredDelete_DeleteUser"/>
</testsuite> <!-- com.qa.restAPI.RestAssuredDelete_DeleteUser -->
