<?xml version="1.0" encoding="UTF-8"?>
<!-- Generated by org.testng.reporters.JUnitReportReporter -->
<testsuite skipped="0" hostname="DESKTOP-D7PUHMF" name="com.qa.restAPI.RestAssuredPut_UpdateUser" tests="1" failures="0" timestamp="25 Sep 2018 04:16:34 GMT" time="4.033" errors="0">
  <testcase name="updateUserTest" time="4.033" classname="com.qa.restAPI.RestAssuredPut_UpdateUser"/>
</testsuite> <!-- com.qa.restAPI.RestAssuredPut_UpdateUser -->
