<?xml version="1.0" encoding="UTF-8"?>
<!-- Generated by org.testng.reporters.JUnitReportReporter -->
<testsuite skipped="0" hostname="DESKTOP-D7PUHMF" name="com.qa.http.HttpGet2" tests="1" failures="0" timestamp="16 Sep 2018 12:13:56 GMT" time="1.377" errors="0">
  <testcase name="get" time="1.377" classname="com.qa.http.HttpGet2"/>
</testsuite> <!-- com.qa.http.HttpGet2 -->
