<?xml version="1.0" encoding="UTF-8"?>
<!-- Generated by org.testng.reporters.JUnitReportReporter -->
<testsuite skipped="0" hostname="DESKTOP-D7PUHMF" name="com.qa.http.HttpPut_UpdateUser" tests="1" failures="0" timestamp="24 Sep 2018 18:30:39 GMT" time="3.070" errors="0">
  <testcase name="updateUserTest" time="3.070" classname="com.qa.http.HttpPut_UpdateUser"/>
</testsuite> <!-- com.qa.http.HttpPut_UpdateUser -->
