<?xml version="1.0" encoding="UTF-8"?>
<!-- Generated by org.testng.reporters.JUnitReportReporter -->
<testsuite skipped="0" hostname="DESKTOP-D7PUHMF" name="com.qa.restAPI.RestAssuredPost_CreateUser" tests="1" failures="0" timestamp="21 Sep 2018 18:26:57 GMT" time="3.669" errors="0">
  <testcase name="createUser" time="3.669" classname="com.qa.restAPI.RestAssuredPost_CreateUser"/>
</testsuite> <!-- com.qa.restAPI.RestAssuredPost_CreateUser -->
