<?xml version="1.0" encoding="UTF-8"?>
<!-- Generated by org.testng.reporters.JUnitReportReporter -->
<testsuite skipped="0" hostname="DESKTOP-D7PUHMF" name="com.qa.http.HttpPost_CreateUser" tests="1" failures="0" timestamp="25 Sep 2018 04:01:24 GMT" time="2.430" errors="0">
  <testcase name="createUser" time="2.430" classname="com.qa.http.HttpPost_CreateUser"/>
</testsuite> <!-- com.qa.http.HttpPost_CreateUser -->
