<?xml version="1.0" encoding="UTF-8"?>
<!-- Generated by org.testng.reporters.JUnitReportReporter -->
<testsuite skipped="0" hostname="DESKTOP-D7PUHMF" name="com.qa.http.HttpGet_ListUsers" tests="1" failures="0" timestamp="18 Sep 2018 03:06:41 GMT" time="1.362" errors="0">
  <testcase name="getListOfUsersDetails" time="1.362" classname="com.qa.http.HttpGet_ListUsers"/>
</testsuite> <!-- com.qa.http.HttpGet_ListUsers -->
