<?xml version="1.0" encoding="UTF-8"?>
<!-- Generated by org.testng.reporters.JUnitReportReporter -->
<testsuite skipped="0" hostname="DESKTOP-D7PUHMF" name="com.qa.restAPI.RestAssuredGet_SingleUser" tests="1" failures="0" timestamp="21 Sep 2018 05:08:36 GMT" time="2.833" errors="0">
  <testcase name="getSingleUserDetails" time="2.833" classname="com.qa.restAPI.RestAssuredGet_SingleUser"/>
</testsuite> <!-- com.qa.restAPI.RestAssuredGet_SingleUser -->
