<?xml version="1.0" encoding="UTF-8"?>
<!-- Generated by org.testng.reporters.JUnitReportReporter -->
<testsuite skipped="0" hostname="DESKTOP-D7PUHMF" name="com.qa.restAPI.RestAssuredGet_ListUsers" tests="1" failures="0" timestamp="18 Sep 2018 03:22:37 GMT" time="3.011" errors="0">
  <testcase name="getlistOfUsersDetails" time="3.011" classname="com.qa.restAPI.RestAssuredGet_ListUsers"/>
</testsuite> <!-- com.qa.restAPI.RestAssuredGet_ListUsers -->
