<?xml version="1.0" encoding="UTF-8"?>
<!-- Generated by org.testng.reporters.JUnitReportReporter -->
<testsuite skipped="0" hostname="DESKTOP-D7PUHMF" name="com.qa.http.HttpDelete_DeleteUser" tests="1" failures="0" timestamp="25 Sep 2018 17:20:34 GMT" time="1.665" errors="0">
  <testcase name="deleteUser" time="1.665" classname="com.qa.http.HttpDelete_DeleteUser"/>
</testsuite> <!-- com.qa.http.HttpDelete_DeleteUser -->
