<?xml version="1.0" encoding="UTF-8"?>
<!-- Generated by org.testng.reporters.JUnitReportReporter -->
<testsuite skipped="0" hostname="DESKTOP-D7PUHMF" name="com.qa.http.HttpCountryDetails" tests="1" failures="0" timestamp="02 Oct 2018 14:01:47 GMT" time="1.988" errors="0">
  <testcase name="getCountryDetails" time="1.988" classname="com.qa.http.HttpCountryDetails"/>
</testsuite> <!-- com.qa.http.HttpCountryDetails -->
