<?xml version="1.0" encoding="UTF-8"?>
<!-- Generated by org.testng.reporters.JUnitReportReporter -->
<testsuite skipped="0" hostname="DESKTOP-D7PUHMF" name="com.qa.restAPI.RestAssuredGet_CountryDetails" tests="1" failures="0" timestamp="02 Oct 2018 14:25:28 GMT" time="3.155" errors="0">
  <testcase name="getCountryDetails" time="3.155" classname="com.qa.restAPI.RestAssuredGet_CountryDetails"/>
</testsuite> <!-- com.qa.restAPI.RestAssuredGet_CountryDetails -->
