<?xml version="1.0" encoding="UTF-8"?>
<!-- Generated by org.testng.reporters.JUnitReportReporter -->
<testsuite skipped="0" hostname="DESKTOP-D7PUHMF" name="com.qa.restAssured.RestAssuredBDD_GetWaeatherDetails" tests="1" failures="0" timestamp="04 Oct 2018 03:10:08 GMT" time="3.789" errors="0">
  <testcase name="getWeatherDetailsWithMultiParam" time="3.789" classname="com.qa.restAssured.RestAssuredBDD_GetWaeatherDetails"/>
</testsuite> <!-- com.qa.restAssured.RestAssuredBDD_GetWaeatherDetails -->
